Terminals unused in grammar

   ARRAY
   BOOL
   DOT
   STRUCT
   EXP_STMT
   FUNCTION
   PARAM
   ARG
   CALL
   LABEL
   GOTO
   JLT
   JLE
   JGT
   JGE
   EQ
   NEQ
   ARRAY_FIRST


Grammar

    0 $accept: program $end

    1 program: ExtDefList

    2 ExtDefList: /* empty */
    3           | ExtDef ExtDefList

    4 ExtDef: Specifier ExtDecList SEMI
    5       | Specifier FuncDec CompSt
    6       | error SEMI

    7 ExtDecList: VarDec
    8           | VarDec COMMA ExtDecList

    9 Specifier: TYPE

   10 VarDec: ID LB INT RB
   11       | ID

   12 FuncDec: ID LP VarList RP
   13        | ID LP RP

   14 VarList: ParamDec
   15        | ParamDec COMMA VarList

   16 ParamDec: Specifier VarDec

   17 CompSt: LC DefList StmtList RC

   18 StmtList: /* empty */
   19         | Stmt StmtList

   20 Stmt: Exp SEMI
   21     | CompSt
   22     | RETURN Exp SEMI
   23     | IF LP Exp RP Stmt
   24     | IF LP Exp RP Stmt ELSE Stmt
   25     | WHILE LP Exp RP Stmt
   26     | FOR LP ExpForCond RP Stmt

   27 ExpForCond: ExpFor1 SEMI ExpFor2 SEMI ExpFor3

   28 DefList: /* empty */
   29        | Def DefList

   30 Def: Specifier DecList SEMI

   31 DecList: Dec
   32        | Dec COMMA DecList

   33 Dec: VarDec
   34    | VarDec ASSIGNOP Exp

   35 Exp: Exp ASSIGNOP Exp
   36    | Exp AND Exp
   37    | Exp OR Exp
   38    | Exp RELOP Exp
   39    | Exp PLUS Exp
   40    | Exp MINUS Exp
   41    | Exp STAR Exp
   42    | Exp DIV Exp
   43    | LP Exp RP
   44    | MINUS Exp
   45    | NOT Exp
   46    | VarDec SELFADD
   47    | SELFADD VarDec
   48    | VarDec SELFDEC
   49    | SELFDEC VarDec
   50    | VarDec ADD_ASSIGNOP Exp
   51    | VarDec MINUS_ASSIGNOP Exp
   52    | VarDec STAR_ASSIGNOP Exp
   53    | VarDec DIV_ASSIGNOP Exp
   54    | ID LP Args RP
   55    | ID LP RP
   56    | ID LB Exp RB
   57    | VarDec
   58    | INT
   59    | FLOAT
   60    | CHAR
   61    | BREAK
   62    | CONTINUE

   63 Args: Exp COMMA Args
   64     | Exp

   65 ExpFor1: /* empty */
   66        | ExpFor1List

   67 ExpFor1Atom: Specifier Dec
   68            | VarDec ASSIGNOP Exp

   69 ExpFor1List: ExpFor1Atom
   70            | ExpFor1Atom COMMA ExpFor1List

   71 ExpFor2: /* empty */
   72        | VarDec RELOP Exp

   73 ExpFor3: /* empty */
   74        | ExpFor3List

   75 ExpFor3List: Exp
   76            | Exp COMMA ExpFor3List


Terminals, with rules where they appear

$end (0) 0
error (256) 6
INT (258) 10 58
FLOAT (259) 59
CHAR (260) 60
ID (261) 10 11 12 13 54 55 56
RELOP (262) 38 72
TYPE (263) 9
ARRAY (264)
LP (265) 12 13 23 24 25 26 43 54 55
RP (266) 12 13 23 24 25 26 43 54 55
LB (267) 10 56
RB (268) 10 56
LC (269) 17
RC (270) 17
SEMI (271) 4 6 20 22 27 30
COMMA (272) 8 15 32 63 70 76
BOOL (273)
ASSIGNOP (274) 34 35 68
PLUS (275) 39
MINUS (276) 40 44
STAR (277) 41
DIV (278) 42
AND (279) 36
OR (280) 37
DOT (281)
NOT (282) 45
STRUCT (283)
RETURN (284) 22
BREAK (285) 61
CONTINUE (286) 62
IF (287) 23 24
ELSE (288) 24
WHILE (289) 25
FOR (290) 26
SELFADD (291) 46 47
SELFDEC (292) 48 49
ADD_ASSIGNOP (293) 50
MINUS_ASSIGNOP (294) 51
STAR_ASSIGNOP (295) 52
DIV_ASSIGNOP (296) 53
EXP_STMT (297)
FUNCTION (298)
PARAM (299)
ARG (300)
CALL (301)
LABEL (302)
GOTO (303)
JLT (304)
JLE (305)
JGT (306)
JGE (307)
EQ (308)
NEQ (309)
UMINUS (310)
LOWER_THAN_RB (311)
LOWER_THEN_ELSE (312)
ARRAY_FIRST (313)


Nonterminals, with rules where they appear

$accept (59)
    on left: 0
program (60)
    on left: 1, on right: 0
ExtDefList (61)
    on left: 2 3, on right: 1 3
ExtDef (62)
    on left: 4 5 6, on right: 3
ExtDecList (63)
    on left: 7 8, on right: 4 8
Specifier (64)
    on left: 9, on right: 4 5 16 30 67
VarDec (65)
    on left: 10 11, on right: 7 8 16 33 34 46 47 48 49 50 51 52 53
    57 68 72
FuncDec (66)
    on left: 12 13, on right: 5
VarList (67)
    on left: 14 15, on right: 12 15
ParamDec (68)
    on left: 16, on right: 14 15
CompSt (69)
    on left: 17, on right: 5 21
StmtList (70)
    on left: 18 19, on right: 17 19
Stmt (71)
    on left: 20 21 22 23 24 25 26, on right: 19 23 24 25 26
ExpForCond (72)
    on left: 27, on right: 26
DefList (73)
    on left: 28 29, on right: 17 29
Def (74)
    on left: 30, on right: 29
DecList (75)
    on left: 31 32, on right: 30 32
Dec (76)
    on left: 33 34, on right: 31 32 67
Exp (77)
    on left: 35 36 37 38 39 40 41 42 43 44 45 46 47 48 49 50 51 52
    53 54 55 56 57 58 59 60 61 62, on right: 20 22 23 24 25 34 35 36
    37 38 39 40 41 42 43 44 45 50 51 52 53 56 63 64 68 72 75 76
Args (78)
    on left: 63 64, on right: 54 63
ExpFor1 (79)
    on left: 65 66, on right: 27
ExpFor1Atom (80)
    on left: 67 68, on right: 69 70
ExpFor1List (81)
    on left: 69 70, on right: 66 70
ExpFor2 (82)
    on left: 71 72, on right: 27
ExpFor3 (83)
    on left: 73 74, on right: 27
ExpFor3List (84)
    on left: 75 76, on right: 74 76


State 0

    0 $accept: . program $end

    error  shift, and go to state 1
    TYPE   shift, and go to state 2

    $end  reduce using rule 2 (ExtDefList)

    program     go to state 3
    ExtDefList  go to state 4
    ExtDef      go to state 5
    Specifier   go to state 6


State 1

    6 ExtDef: error . SEMI

    SEMI  shift, and go to state 7


State 2

    9 Specifier: TYPE .

    $default  reduce using rule 9 (Specifier)


State 3

    0 $accept: program . $end

    $end  shift, and go to state 8


State 4

    1 program: ExtDefList .

    $default  reduce using rule 1 (program)


State 5

    3 ExtDefList: ExtDef . ExtDefList

    error  shift, and go to state 1
    TYPE   shift, and go to state 2

    $end  reduce using rule 2 (ExtDefList)

    ExtDefList  go to state 9
    ExtDef      go to state 5
    Specifier   go to state 6


State 6

    4 ExtDef: Specifier . ExtDecList SEMI
    5       | Specifier . FuncDec CompSt

    ID  shift, and go to state 10

    ExtDecList  go to state 11
    VarDec      go to state 12
    FuncDec     go to state 13


State 7

    6 ExtDef: error SEMI .

    $default  reduce using rule 6 (ExtDef)


State 8

    0 $accept: program $end .

    $default  accept


State 9

    3 ExtDefList: ExtDef ExtDefList .

    $default  reduce using rule 3 (ExtDefList)


State 10

   10 VarDec: ID . LB INT RB
   11       | ID .
   12 FuncDec: ID . LP VarList RP
   13        | ID . LP RP

    LP  shift, and go to state 14
    LB  shift, and go to state 15

    $default  reduce using rule 11 (VarDec)


State 11

    4 ExtDef: Specifier ExtDecList . SEMI

    SEMI  shift, and go to state 16


State 12

    7 ExtDecList: VarDec .
    8           | VarDec . COMMA ExtDecList

    COMMA  shift, and go to state 17

    $default  reduce using rule 7 (ExtDecList)


State 13

    5 ExtDef: Specifier FuncDec . CompSt

    LC  shift, and go to state 18

    CompSt  go to state 19


State 14

   12 FuncDec: ID LP . VarList RP
   13        | ID LP . RP

    TYPE  shift, and go to state 2
    RP    shift, and go to state 20

    Specifier  go to state 21
    VarList    go to state 22
    ParamDec   go to state 23


State 15

   10 VarDec: ID LB . INT RB

    INT  shift, and go to state 24


State 16

    4 ExtDef: Specifier ExtDecList SEMI .

    $default  reduce using rule 4 (ExtDef)


State 17

    8 ExtDecList: VarDec COMMA . ExtDecList

    ID  shift, and go to state 25

    ExtDecList  go to state 26
    VarDec      go to state 12


State 18

   17 CompSt: LC . DefList StmtList RC

    TYPE  shift, and go to state 2

    $default  reduce using rule 28 (DefList)

    Specifier  go to state 27
    DefList    go to state 28
    Def        go to state 29


State 19

    5 ExtDef: Specifier FuncDec CompSt .

    $default  reduce using rule 5 (ExtDef)


State 20

   13 FuncDec: ID LP RP .

    $default  reduce using rule 13 (FuncDec)


State 21

   16 ParamDec: Specifier . VarDec

    ID  shift, and go to state 25

    VarDec  go to state 30


State 22

   12 FuncDec: ID LP VarList . RP

    RP  shift, and go to state 31


State 23

   14 VarList: ParamDec .
   15        | ParamDec . COMMA VarList

    COMMA  shift, and go to state 32

    $default  reduce using rule 14 (VarList)


State 24

   10 VarDec: ID LB INT . RB

    RB  shift, and go to state 33


State 25

   10 VarDec: ID . LB INT RB
   11       | ID .

    LB  shift, and go to state 15

    $default  reduce using rule 11 (VarDec)


State 26

    8 ExtDecList: VarDec COMMA ExtDecList .

    $default  reduce using rule 8 (ExtDecList)


State 27

   30 Def: Specifier . DecList SEMI

    ID  shift, and go to state 25

    VarDec   go to state 34
    DecList  go to state 35
    Dec      go to state 36


State 28

   17 CompSt: LC DefList . StmtList RC

    INT       shift, and go to state 37
    FLOAT     shift, and go to state 38
    CHAR      shift, and go to state 39
    ID        shift, and go to state 40
    LP        shift, and go to state 41
    LC        shift, and go to state 18
    MINUS     shift, and go to state 42
    NOT       shift, and go to state 43
    RETURN    shift, and go to state 44
    BREAK     shift, and go to state 45
    CONTINUE  shift, and go to state 46
    IF        shift, and go to state 47
    WHILE     shift, and go to state 48
    FOR       shift, and go to state 49
    SELFADD   shift, and go to state 50
    SELFDEC   shift, and go to state 51

    $default  reduce using rule 18 (StmtList)

    VarDec    go to state 52
    CompSt    go to state 53
    StmtList  go to state 54
    Stmt      go to state 55
    Exp       go to state 56


State 29

   29 DefList: Def . DefList

    TYPE  shift, and go to state 2

    $default  reduce using rule 28 (DefList)

    Specifier  go to state 27
    DefList    go to state 57
    Def        go to state 29


State 30

   16 ParamDec: Specifier VarDec .

    $default  reduce using rule 16 (ParamDec)


State 31

   12 FuncDec: ID LP VarList RP .

    $default  reduce using rule 12 (FuncDec)


State 32

   15 VarList: ParamDec COMMA . VarList

    TYPE  shift, and go to state 2

    Specifier  go to state 21
    VarList    go to state 58
    ParamDec   go to state 23


State 33

   10 VarDec: ID LB INT RB .

    $default  reduce using rule 10 (VarDec)


State 34

   33 Dec: VarDec .
   34    | VarDec . ASSIGNOP Exp

    ASSIGNOP  shift, and go to state 59

    $default  reduce using rule 33 (Dec)


State 35

   30 Def: Specifier DecList . SEMI

    SEMI  shift, and go to state 60


State 36

   31 DecList: Dec .
   32        | Dec . COMMA DecList

    COMMA  shift, and go to state 61

    $default  reduce using rule 31 (DecList)


State 37

   58 Exp: INT .

    $default  reduce using rule 58 (Exp)


State 38

   59 Exp: FLOAT .

    $default  reduce using rule 59 (Exp)


State 39

   60 Exp: CHAR .

    $default  reduce using rule 60 (Exp)


State 40

   10 VarDec: ID . LB INT RB
   11       | ID .
   54 Exp: ID . LP Args RP
   55    | ID . LP RP
   56    | ID . LB Exp RB

    LP  shift, and go to state 62
    LB  shift, and go to state 63

    $default  reduce using rule 11 (VarDec)


State 41

   43 Exp: LP . Exp RP

    INT       shift, and go to state 37
    FLOAT     shift, and go to state 38
    CHAR      shift, and go to state 39
    ID        shift, and go to state 40
    LP        shift, and go to state 41
    MINUS     shift, and go to state 42
    NOT       shift, and go to state 43
    BREAK     shift, and go to state 45
    CONTINUE  shift, and go to state 46
    SELFADD   shift, and go to state 50
    SELFDEC   shift, and go to state 51

    VarDec  go to state 52
    Exp     go to state 64


State 42

   44 Exp: MINUS . Exp

    INT       shift, and go to state 37
    FLOAT     shift, and go to state 38
    CHAR      shift, and go to state 39
    ID        shift, and go to state 40
    LP        shift, and go to state 41
    MINUS     shift, and go to state 42
    NOT       shift, and go to state 43
    BREAK     shift, and go to state 45
    CONTINUE  shift, and go to state 46
    SELFADD   shift, and go to state 50
    SELFDEC   shift, and go to state 51

    VarDec  go to state 52
    Exp     go to state 65


State 43

   45 Exp: NOT . Exp

    INT       shift, and go to state 37
    FLOAT     shift, and go to state 38
    CHAR      shift, and go to state 39
    ID        shift, and go to state 40
    LP        shift, and go to state 41
    MINUS     shift, and go to state 42
    NOT       shift, and go to state 43
    BREAK     shift, and go to state 45
    CONTINUE  shift, and go to state 46
    SELFADD   shift, and go to state 50
    SELFDEC   shift, and go to state 51

    VarDec  go to state 52
    Exp     go to state 66


State 44

   22 Stmt: RETURN . Exp SEMI

    INT       shift, and go to state 37
    FLOAT     shift, and go to state 38
    CHAR      shift, and go to state 39
    ID        shift, and go to state 40
    LP        shift, and go to state 41
    MINUS     shift, and go to state 42
    NOT       shift, and go to state 43
    BREAK     shift, and go to state 45
    CONTINUE  shift, and go to state 46
    SELFADD   shift, and go to state 50
    SELFDEC   shift, and go to state 51

    VarDec  go to state 52
    Exp     go to state 67


State 45

   61 Exp: BREAK .

    $default  reduce using rule 61 (Exp)


State 46

   62 Exp: CONTINUE .

    $default  reduce using rule 62 (Exp)


State 47

   23 Stmt: IF . LP Exp RP Stmt
   24     | IF . LP Exp RP Stmt ELSE Stmt

    LP  shift, and go to state 68


State 48

   25 Stmt: WHILE . LP Exp RP Stmt

    LP  shift, and go to state 69


State 49

   26 Stmt: FOR . LP ExpForCond RP Stmt

    LP  shift, and go to state 70


State 50

   47 Exp: SELFADD . VarDec

    ID  shift, and go to state 25

    VarDec  go to state 71


State 51

   49 Exp: SELFDEC . VarDec

    ID  shift, and go to state 25

    VarDec  go to state 72


State 52

   46 Exp: VarDec . SELFADD
   48    | VarDec . SELFDEC
   50    | VarDec . ADD_ASSIGNOP Exp
   51    | VarDec . MINUS_ASSIGNOP Exp
   52    | VarDec . STAR_ASSIGNOP Exp
   53    | VarDec . DIV_ASSIGNOP Exp
   57    | VarDec .

    SELFADD         shift, and go to state 73
    SELFDEC         shift, and go to state 74
    ADD_ASSIGNOP    shift, and go to state 75
    MINUS_ASSIGNOP  shift, and go to state 76
    STAR_ASSIGNOP   shift, and go to state 77
    DIV_ASSIGNOP    shift, and go to state 78

    $default  reduce using rule 57 (Exp)


State 53

   21 Stmt: CompSt .

    $default  reduce using rule 21 (Stmt)


State 54

   17 CompSt: LC DefList StmtList . RC

    RC  shift, and go to state 79


State 55

   19 StmtList: Stmt . StmtList

    INT       shift, and go to state 37
    FLOAT     shift, and go to state 38
    CHAR      shift, and go to state 39
    ID        shift, and go to state 40
    LP        shift, and go to state 41
    LC        shift, and go to state 18
    MINUS     shift, and go to state 42
    NOT       shift, and go to state 43
    RETURN    shift, and go to state 44
    BREAK     shift, and go to state 45
    CONTINUE  shift, and go to state 46
    IF        shift, and go to state 47
    WHILE     shift, and go to state 48
    FOR       shift, and go to state 49
    SELFADD   shift, and go to state 50
    SELFDEC   shift, and go to state 51

    $default  reduce using rule 18 (StmtList)

    VarDec    go to state 52
    CompSt    go to state 53
    StmtList  go to state 80
    Stmt      go to state 55
    Exp       go to state 56


State 56

   20 Stmt: Exp . SEMI
   35 Exp: Exp . ASSIGNOP Exp
   36    | Exp . AND Exp
   37    | Exp . OR Exp
   38    | Exp . RELOP Exp
   39    | Exp . PLUS Exp
   40    | Exp . MINUS Exp
   41    | Exp . STAR Exp
   42    | Exp . DIV Exp

    RELOP     shift, and go to state 81
    SEMI      shift, and go to state 82
    ASSIGNOP  shift, and go to state 83
    PLUS      shift, and go to state 84
    MINUS     shift, and go to state 85
    STAR      shift, and go to state 86
    DIV       shift, and go to state 87
    AND       shift, and go to state 88
    OR        shift, and go to state 89


State 57

   29 DefList: Def DefList .

    $default  reduce using rule 29 (DefList)


State 58

   15 VarList: ParamDec COMMA VarList .

    $default  reduce using rule 15 (VarList)


State 59

   34 Dec: VarDec ASSIGNOP . Exp

    INT       shift, and go to state 37
    FLOAT     shift, and go to state 38
    CHAR      shift, and go to state 39
    ID        shift, and go to state 40
    LP        shift, and go to state 41
    MINUS     shift, and go to state 42
    NOT       shift, and go to state 43
    BREAK     shift, and go to state 45
    CONTINUE  shift, and go to state 46
    SELFADD   shift, and go to state 50
    SELFDEC   shift, and go to state 51

    VarDec  go to state 52
    Exp     go to state 90


State 60

   30 Def: Specifier DecList SEMI .

    $default  reduce using rule 30 (Def)


State 61

   32 DecList: Dec COMMA . DecList

    ID  shift, and go to state 25

    VarDec   go to state 34
    DecList  go to state 91
    Dec      go to state 36


State 62

   54 Exp: ID LP . Args RP
   55    | ID LP . RP

    INT       shift, and go to state 37
    FLOAT     shift, and go to state 38
    CHAR      shift, and go to state 39
    ID        shift, and go to state 40
    LP        shift, and go to state 41
    RP        shift, and go to state 92
    MINUS     shift, and go to state 42
    NOT       shift, and go to state 43
    BREAK     shift, and go to state 45
    CONTINUE  shift, and go to state 46
    SELFADD   shift, and go to state 50
    SELFDEC   shift, and go to state 51

    VarDec  go to state 52
    Exp     go to state 93
    Args    go to state 94


State 63

   10 VarDec: ID LB . INT RB
   56 Exp: ID LB . Exp RB

    INT       shift, and go to state 95
    FLOAT     shift, and go to state 38
    CHAR      shift, and go to state 39
    ID        shift, and go to state 40
    LP        shift, and go to state 41
    MINUS     shift, and go to state 42
    NOT       shift, and go to state 43
    BREAK     shift, and go to state 45
    CONTINUE  shift, and go to state 46
    SELFADD   shift, and go to state 50
    SELFDEC   shift, and go to state 51

    VarDec  go to state 52
    Exp     go to state 96


State 64

   35 Exp: Exp . ASSIGNOP Exp
   36    | Exp . AND Exp
   37    | Exp . OR Exp
   38    | Exp . RELOP Exp
   39    | Exp . PLUS Exp
   40    | Exp . MINUS Exp
   41    | Exp . STAR Exp
   42    | Exp . DIV Exp
   43    | LP Exp . RP

    RELOP     shift, and go to state 81
    RP        shift, and go to state 97
    ASSIGNOP  shift, and go to state 83
    PLUS      shift, and go to state 84
    MINUS     shift, and go to state 85
    STAR      shift, and go to state 86
    DIV       shift, and go to state 87
    AND       shift, and go to state 88
    OR        shift, and go to state 89


State 65

   35 Exp: Exp . ASSIGNOP Exp
   36    | Exp . AND Exp
   37    | Exp . OR Exp
   38    | Exp . RELOP Exp
   39    | Exp . PLUS Exp
   40    | Exp . MINUS Exp
   41    | Exp . STAR Exp
   42    | Exp . DIV Exp
   44    | MINUS Exp .

    $default  reduce using rule 44 (Exp)


State 66

   35 Exp: Exp . ASSIGNOP Exp
   36    | Exp . AND Exp
   37    | Exp . OR Exp
   38    | Exp . RELOP Exp
   39    | Exp . PLUS Exp
   40    | Exp . MINUS Exp
   41    | Exp . STAR Exp
   42    | Exp . DIV Exp
   45    | NOT Exp .

    $default  reduce using rule 45 (Exp)


State 67

   22 Stmt: RETURN Exp . SEMI
   35 Exp: Exp . ASSIGNOP Exp
   36    | Exp . AND Exp
   37    | Exp . OR Exp
   38    | Exp . RELOP Exp
   39    | Exp . PLUS Exp
   40    | Exp . MINUS Exp
   41    | Exp . STAR Exp
   42    | Exp . DIV Exp

    RELOP     shift, and go to state 81
    SEMI      shift, and go to state 98
    ASSIGNOP  shift, and go to state 83
    PLUS      shift, and go to state 84
    MINUS     shift, and go to state 85
    STAR      shift, and go to state 86
    DIV       shift, and go to state 87
    AND       shift, and go to state 88
    OR        shift, and go to state 89


State 68

   23 Stmt: IF LP . Exp RP Stmt
   24     | IF LP . Exp RP Stmt ELSE Stmt

    INT       shift, and go to state 37
    FLOAT     shift, and go to state 38
    CHAR      shift, and go to state 39
    ID        shift, and go to state 40
    LP        shift, and go to state 41
    MINUS     shift, and go to state 42
    NOT       shift, and go to state 43
    BREAK     shift, and go to state 45
    CONTINUE  shift, and go to state 46
    SELFADD   shift, and go to state 50
    SELFDEC   shift, and go to state 51

    VarDec  go to state 52
    Exp     go to state 99


State 69

   25 Stmt: WHILE LP . Exp RP Stmt

    INT       shift, and go to state 37
    FLOAT     shift, and go to state 38
    CHAR      shift, and go to state 39
    ID        shift, and go to state 40
    LP        shift, and go to state 41
    MINUS     shift, and go to state 42
    NOT       shift, and go to state 43
    BREAK     shift, and go to state 45
    CONTINUE  shift, and go to state 46
    SELFADD   shift, and go to state 50
    SELFDEC   shift, and go to state 51

    VarDec  go to state 52
    Exp     go to state 100


State 70

   26 Stmt: FOR LP . ExpForCond RP Stmt

    ID    shift, and go to state 25
    TYPE  shift, and go to state 2

    $default  reduce using rule 65 (ExpFor1)

    Specifier    go to state 101
    VarDec       go to state 102
    ExpForCond   go to state 103
    ExpFor1      go to state 104
    ExpFor1Atom  go to state 105
    ExpFor1List  go to state 106


State 71

   47 Exp: SELFADD VarDec .

    $default  reduce using rule 47 (Exp)


State 72

   49 Exp: SELFDEC VarDec .

    $default  reduce using rule 49 (Exp)


State 73

   46 Exp: VarDec SELFADD .

    $default  reduce using rule 46 (Exp)


State 74

   48 Exp: VarDec SELFDEC .

    $default  reduce using rule 48 (Exp)


State 75

   50 Exp: VarDec ADD_ASSIGNOP . Exp

    INT       shift, and go to state 37
    FLOAT     shift, and go to state 38
    CHAR      shift, and go to state 39
    ID        shift, and go to state 40
    LP        shift, and go to state 41
    MINUS     shift, and go to state 42
    NOT       shift, and go to state 43
    BREAK     shift, and go to state 45
    CONTINUE  shift, and go to state 46
    SELFADD   shift, and go to state 50
    SELFDEC   shift, and go to state 51

    VarDec  go to state 52
    Exp     go to state 107


State 76

   51 Exp: VarDec MINUS_ASSIGNOP . Exp

    INT       shift, and go to state 37
    FLOAT     shift, and go to state 38
    CHAR      shift, and go to state 39
    ID        shift, and go to state 40
    LP        shift, and go to state 41
    MINUS     shift, and go to state 42
    NOT       shift, and go to state 43
    BREAK     shift, and go to state 45
    CONTINUE  shift, and go to state 46
    SELFADD   shift, and go to state 50
    SELFDEC   shift, and go to state 51

    VarDec  go to state 52
    Exp     go to state 108


State 77

   52 Exp: VarDec STAR_ASSIGNOP . Exp

    INT       shift, and go to state 37
    FLOAT     shift, and go to state 38
    CHAR      shift, and go to state 39
    ID        shift, and go to state 40
    LP        shift, and go to state 41
    MINUS     shift, and go to state 42
    NOT       shift, and go to state 43
    BREAK     shift, and go to state 45
    CONTINUE  shift, and go to state 46
    SELFADD   shift, and go to state 50
    SELFDEC   shift, and go to state 51

    VarDec  go to state 52
    Exp     go to state 109


State 78

   53 Exp: VarDec DIV_ASSIGNOP . Exp

    INT       shift, and go to state 37
    FLOAT     shift, and go to state 38
    CHAR      shift, and go to state 39
    ID        shift, and go to state 40
    LP        shift, and go to state 41
    MINUS     shift, and go to state 42
    NOT       shift, and go to state 43
    BREAK     shift, and go to state 45
    CONTINUE  shift, and go to state 46
    SELFADD   shift, and go to state 50
    SELFDEC   shift, and go to state 51

    VarDec  go to state 52
    Exp     go to state 110


State 79

   17 CompSt: LC DefList StmtList RC .

    $default  reduce using rule 17 (CompSt)


State 80

   19 StmtList: Stmt StmtList .

    $default  reduce using rule 19 (StmtList)


State 81

   38 Exp: Exp RELOP . Exp

    INT       shift, and go to state 37
    FLOAT     shift, and go to state 38
    CHAR      shift, and go to state 39
    ID        shift, and go to state 40
    LP        shift, and go to state 41
    MINUS     shift, and go to state 42
    NOT       shift, and go to state 43
    BREAK     shift, and go to state 45
    CONTINUE  shift, and go to state 46
    SELFADD   shift, and go to state 50
    SELFDEC   shift, and go to state 51

    VarDec  go to state 52
    Exp     go to state 111


State 82

   20 Stmt: Exp SEMI .

    $default  reduce using rule 20 (Stmt)


State 83

   35 Exp: Exp ASSIGNOP . Exp

    INT       shift, and go to state 37
    FLOAT     shift, and go to state 38
    CHAR      shift, and go to state 39
    ID        shift, and go to state 40
    LP        shift, and go to state 41
    MINUS     shift, and go to state 42
    NOT       shift, and go to state 43
    BREAK     shift, and go to state 45
    CONTINUE  shift, and go to state 46
    SELFADD   shift, and go to state 50
    SELFDEC   shift, and go to state 51

    VarDec  go to state 52
    Exp     go to state 112


State 84

   39 Exp: Exp PLUS . Exp

    INT       shift, and go to state 37
    FLOAT     shift, and go to state 38
    CHAR      shift, and go to state 39
    ID        shift, and go to state 40
    LP        shift, and go to state 41
    MINUS     shift, and go to state 42
    NOT       shift, and go to state 43
    BREAK     shift, and go to state 45
    CONTINUE  shift, and go to state 46
    SELFADD   shift, and go to state 50
    SELFDEC   shift, and go to state 51

    VarDec  go to state 52
    Exp     go to state 113


State 85

   40 Exp: Exp MINUS . Exp

    INT       shift, and go to state 37
    FLOAT     shift, and go to state 38
    CHAR      shift, and go to state 39
    ID        shift, and go to state 40
    LP        shift, and go to state 41
    MINUS     shift, and go to state 42
    NOT       shift, and go to state 43
    BREAK     shift, and go to state 45
    CONTINUE  shift, and go to state 46
    SELFADD   shift, and go to state 50
    SELFDEC   shift, and go to state 51

    VarDec  go to state 52
    Exp     go to state 114


State 86

   41 Exp: Exp STAR . Exp

    INT       shift, and go to state 37
    FLOAT     shift, and go to state 38
    CHAR      shift, and go to state 39
    ID        shift, and go to state 40
    LP        shift, and go to state 41
    MINUS     shift, and go to state 42
    NOT       shift, and go to state 43
    BREAK     shift, and go to state 45
    CONTINUE  shift, and go to state 46
    SELFADD   shift, and go to state 50
    SELFDEC   shift, and go to state 51

    VarDec  go to state 52
    Exp     go to state 115


State 87

   42 Exp: Exp DIV . Exp

    INT       shift, and go to state 37
    FLOAT     shift, and go to state 38
    CHAR      shift, and go to state 39
    ID        shift, and go to state 40
    LP        shift, and go to state 41
    MINUS     shift, and go to state 42
    NOT       shift, and go to state 43
    BREAK     shift, and go to state 45
    CONTINUE  shift, and go to state 46
    SELFADD   shift, and go to state 50
    SELFDEC   shift, and go to state 51

    VarDec  go to state 52
    Exp     go to state 116


State 88

   36 Exp: Exp AND . Exp

    INT       shift, and go to state 37
    FLOAT     shift, and go to state 38
    CHAR      shift, and go to state 39
    ID        shift, and go to state 40
    LP        shift, and go to state 41
    MINUS     shift, and go to state 42
    NOT       shift, and go to state 43
    BREAK     shift, and go to state 45
    CONTINUE  shift, and go to state 46
    SELFADD   shift, and go to state 50
    SELFDEC   shift, and go to state 51

    VarDec  go to state 52
    Exp     go to state 117


State 89

   37 Exp: Exp OR . Exp

    INT       shift, and go to state 37
    FLOAT     shift, and go to state 38
    CHAR      shift, and go to state 39
    ID        shift, and go to state 40
    LP        shift, and go to state 41
    MINUS     shift, and go to state 42
    NOT       shift, and go to state 43
    BREAK     shift, and go to state 45
    CONTINUE  shift, and go to state 46
    SELFADD   shift, and go to state 50
    SELFDEC   shift, and go to state 51

    VarDec  go to state 52
    Exp     go to state 118


State 90

   34 Dec: VarDec ASSIGNOP Exp .
   35 Exp: Exp . ASSIGNOP Exp
   36    | Exp . AND Exp
   37    | Exp . OR Exp
   38    | Exp . RELOP Exp
   39    | Exp . PLUS Exp
   40    | Exp . MINUS Exp
   41    | Exp . STAR Exp
   42    | Exp . DIV Exp

    RELOP     shift, and go to state 81
    ASSIGNOP  shift, and go to state 83
    PLUS      shift, and go to state 84
    MINUS     shift, and go to state 85
    STAR      shift, and go to state 86
    DIV       shift, and go to state 87
    AND       shift, and go to state 88
    OR        shift, and go to state 89

    $default  reduce using rule 34 (Dec)


State 91

   32 DecList: Dec COMMA DecList .

    $default  reduce using rule 32 (DecList)


State 92

   55 Exp: ID LP RP .

    $default  reduce using rule 55 (Exp)


State 93

   35 Exp: Exp . ASSIGNOP Exp
   36    | Exp . AND Exp
   37    | Exp . OR Exp
   38    | Exp . RELOP Exp
   39    | Exp . PLUS Exp
   40    | Exp . MINUS Exp
   41    | Exp . STAR Exp
   42    | Exp . DIV Exp
   63 Args: Exp . COMMA Args
   64     | Exp .

    RELOP     shift, and go to state 81
    COMMA     shift, and go to state 119
    ASSIGNOP  shift, and go to state 83
    PLUS      shift, and go to state 84
    MINUS     shift, and go to state 85
    STAR      shift, and go to state 86
    DIV       shift, and go to state 87
    AND       shift, and go to state 88
    OR        shift, and go to state 89

    $default  reduce using rule 64 (Args)


State 94

   54 Exp: ID LP Args . RP

    RP  shift, and go to state 120


State 95

   10 VarDec: ID LB INT . RB
   58 Exp: INT .

    RB  shift, and go to state 33

    $default  reduce using rule 58 (Exp)


State 96

   35 Exp: Exp . ASSIGNOP Exp
   36    | Exp . AND Exp
   37    | Exp . OR Exp
   38    | Exp . RELOP Exp
   39    | Exp . PLUS Exp
   40    | Exp . MINUS Exp
   41    | Exp . STAR Exp
   42    | Exp . DIV Exp
   56    | ID LB Exp . RB

    RELOP     shift, and go to state 81
    RB        shift, and go to state 121
    ASSIGNOP  shift, and go to state 83
    PLUS      shift, and go to state 84
    MINUS     shift, and go to state 85
    STAR      shift, and go to state 86
    DIV       shift, and go to state 87
    AND       shift, and go to state 88
    OR        shift, and go to state 89


State 97

   43 Exp: LP Exp RP .

    $default  reduce using rule 43 (Exp)


State 98

   22 Stmt: RETURN Exp SEMI .

    $default  reduce using rule 22 (Stmt)


State 99

   23 Stmt: IF LP Exp . RP Stmt
   24     | IF LP Exp . RP Stmt ELSE Stmt
   35 Exp: Exp . ASSIGNOP Exp
   36    | Exp . AND Exp
   37    | Exp . OR Exp
   38    | Exp . RELOP Exp
   39    | Exp . PLUS Exp
   40    | Exp . MINUS Exp
   41    | Exp . STAR Exp
   42    | Exp . DIV Exp

    RELOP     shift, and go to state 81
    RP        shift, and go to state 122
    ASSIGNOP  shift, and go to state 83
    PLUS      shift, and go to state 84
    MINUS     shift, and go to state 85
    STAR      shift, and go to state 86
    DIV       shift, and go to state 87
    AND       shift, and go to state 88
    OR        shift, and go to state 89


State 100

   25 Stmt: WHILE LP Exp . RP Stmt
   35 Exp: Exp . ASSIGNOP Exp
   36    | Exp . AND Exp
   37    | Exp . OR Exp
   38    | Exp . RELOP Exp
   39    | Exp . PLUS Exp
   40    | Exp . MINUS Exp
   41    | Exp . STAR Exp
   42    | Exp . DIV Exp

    RELOP     shift, and go to state 81
    RP        shift, and go to state 123
    ASSIGNOP  shift, and go to state 83
    PLUS      shift, and go to state 84
    MINUS     shift, and go to state 85
    STAR      shift, and go to state 86
    DIV       shift, and go to state 87
    AND       shift, and go to state 88
    OR        shift, and go to state 89


State 101

   67 ExpFor1Atom: Specifier . Dec

    ID  shift, and go to state 25

    VarDec  go to state 34
    Dec     go to state 124


State 102

   68 ExpFor1Atom: VarDec . ASSIGNOP Exp

    ASSIGNOP  shift, and go to state 125


State 103

   26 Stmt: FOR LP ExpForCond . RP Stmt

    RP  shift, and go to state 126


State 104

   27 ExpForCond: ExpFor1 . SEMI ExpFor2 SEMI ExpFor3

    SEMI  shift, and go to state 127


State 105

   69 ExpFor1List: ExpFor1Atom .
   70            | ExpFor1Atom . COMMA ExpFor1List

    COMMA  shift, and go to state 128

    $default  reduce using rule 69 (ExpFor1List)


State 106

   66 ExpFor1: ExpFor1List .

    $default  reduce using rule 66 (ExpFor1)


State 107

   35 Exp: Exp . ASSIGNOP Exp
   36    | Exp . AND Exp
   37    | Exp . OR Exp
   38    | Exp . RELOP Exp
   39    | Exp . PLUS Exp
   40    | Exp . MINUS Exp
   41    | Exp . STAR Exp
   42    | Exp . DIV Exp
   50    | VarDec ADD_ASSIGNOP Exp .

    RELOP     shift, and go to state 81
    ASSIGNOP  shift, and go to state 83
    PLUS      shift, and go to state 84
    MINUS     shift, and go to state 85
    STAR      shift, and go to state 86
    DIV       shift, and go to state 87
    AND       shift, and go to state 88
    OR        shift, and go to state 89

    $default  reduce using rule 50 (Exp)


State 108

   35 Exp: Exp . ASSIGNOP Exp
   36    | Exp . AND Exp
   37    | Exp . OR Exp
   38    | Exp . RELOP Exp
   39    | Exp . PLUS Exp
   40    | Exp . MINUS Exp
   41    | Exp . STAR Exp
   42    | Exp . DIV Exp
   51    | VarDec MINUS_ASSIGNOP Exp .

    RELOP     shift, and go to state 81
    ASSIGNOP  shift, and go to state 83
    PLUS      shift, and go to state 84
    MINUS     shift, and go to state 85
    STAR      shift, and go to state 86
    DIV       shift, and go to state 87
    AND       shift, and go to state 88
    OR        shift, and go to state 89

    $default  reduce using rule 51 (Exp)


State 109

   35 Exp: Exp . ASSIGNOP Exp
   36    | Exp . AND Exp
   37    | Exp . OR Exp
   38    | Exp . RELOP Exp
   39    | Exp . PLUS Exp
   40    | Exp . MINUS Exp
   41    | Exp . STAR Exp
   42    | Exp . DIV Exp
   52    | VarDec STAR_ASSIGNOP Exp .

    RELOP     shift, and go to state 81
    ASSIGNOP  shift, and go to state 83
    PLUS      shift, and go to state 84
    MINUS     shift, and go to state 85
    STAR      shift, and go to state 86
    DIV       shift, and go to state 87
    AND       shift, and go to state 88
    OR        shift, and go to state 89

    $default  reduce using rule 52 (Exp)


State 110

   35 Exp: Exp . ASSIGNOP Exp
   36    | Exp . AND Exp
   37    | Exp . OR Exp
   38    | Exp . RELOP Exp
   39    | Exp . PLUS Exp
   40    | Exp . MINUS Exp
   41    | Exp . STAR Exp
   42    | Exp . DIV Exp
   53    | VarDec DIV_ASSIGNOP Exp .

    RELOP     shift, and go to state 81
    ASSIGNOP  shift, and go to state 83
    PLUS      shift, and go to state 84
    MINUS     shift, and go to state 85
    STAR      shift, and go to state 86
    DIV       shift, and go to state 87
    AND       shift, and go to state 88
    OR        shift, and go to state 89

    $default  reduce using rule 53 (Exp)


State 111

   35 Exp: Exp . ASSIGNOP Exp
   36    | Exp . AND Exp
   37    | Exp . OR Exp
   38    | Exp . RELOP Exp
   38    | Exp RELOP Exp .
   39    | Exp . PLUS Exp
   40    | Exp . MINUS Exp
   41    | Exp . STAR Exp
   42    | Exp . DIV Exp

    PLUS   shift, and go to state 84
    MINUS  shift, and go to state 85
    STAR   shift, and go to state 86
    DIV    shift, and go to state 87

    $default  reduce using rule 38 (Exp)


State 112

   35 Exp: Exp . ASSIGNOP Exp
   35    | Exp ASSIGNOP Exp .
   36    | Exp . AND Exp
   37    | Exp . OR Exp
   38    | Exp . RELOP Exp
   39    | Exp . PLUS Exp
   40    | Exp . MINUS Exp
   41    | Exp . STAR Exp
   42    | Exp . DIV Exp

    RELOP     shift, and go to state 81
    ASSIGNOP  shift, and go to state 83
    PLUS      shift, and go to state 84
    MINUS     shift, and go to state 85
    STAR      shift, and go to state 86
    DIV       shift, and go to state 87
    AND       shift, and go to state 88
    OR        shift, and go to state 89

    $default  reduce using rule 35 (Exp)


State 113

   35 Exp: Exp . ASSIGNOP Exp
   36    | Exp . AND Exp
   37    | Exp . OR Exp
   38    | Exp . RELOP Exp
   39    | Exp . PLUS Exp
   39    | Exp PLUS Exp .
   40    | Exp . MINUS Exp
   41    | Exp . STAR Exp
   42    | Exp . DIV Exp

    STAR  shift, and go to state 86
    DIV   shift, and go to state 87

    $default  reduce using rule 39 (Exp)


State 114

   35 Exp: Exp . ASSIGNOP Exp
   36    | Exp . AND Exp
   37    | Exp . OR Exp
   38    | Exp . RELOP Exp
   39    | Exp . PLUS Exp
   40    | Exp . MINUS Exp
   40    | Exp MINUS Exp .
   41    | Exp . STAR Exp
   42    | Exp . DIV Exp

    STAR  shift, and go to state 86
    DIV   shift, and go to state 87

    $default  reduce using rule 40 (Exp)


State 115

   35 Exp: Exp . ASSIGNOP Exp
   36    | Exp . AND Exp
   37    | Exp . OR Exp
   38    | Exp . RELOP Exp
   39    | Exp . PLUS Exp
   40    | Exp . MINUS Exp
   41    | Exp . STAR Exp
   41    | Exp STAR Exp .
   42    | Exp . DIV Exp

    $default  reduce using rule 41 (Exp)


State 116

   35 Exp: Exp . ASSIGNOP Exp
   36    | Exp . AND Exp
   37    | Exp . OR Exp
   38    | Exp . RELOP Exp
   39    | Exp . PLUS Exp
   40    | Exp . MINUS Exp
   41    | Exp . STAR Exp
   42    | Exp . DIV Exp
   42    | Exp DIV Exp .

    $default  reduce using rule 42 (Exp)


State 117

   35 Exp: Exp . ASSIGNOP Exp
   36    | Exp . AND Exp
   36    | Exp AND Exp .
   37    | Exp . OR Exp
   38    | Exp . RELOP Exp
   39    | Exp . PLUS Exp
   40    | Exp . MINUS Exp
   41    | Exp . STAR Exp
   42    | Exp . DIV Exp

    RELOP  shift, and go to state 81
    PLUS   shift, and go to state 84
    MINUS  shift, and go to state 85
    STAR   shift, and go to state 86
    DIV    shift, and go to state 87

    $default  reduce using rule 36 (Exp)


State 118

   35 Exp: Exp . ASSIGNOP Exp
   36    | Exp . AND Exp
   37    | Exp . OR Exp
   37    | Exp OR Exp .
   38    | Exp . RELOP Exp
   39    | Exp . PLUS Exp
   40    | Exp . MINUS Exp
   41    | Exp . STAR Exp
   42    | Exp . DIV Exp

    RELOP  shift, and go to state 81
    PLUS   shift, and go to state 84
    MINUS  shift, and go to state 85
    STAR   shift, and go to state 86
    DIV    shift, and go to state 87
    AND    shift, and go to state 88

    $default  reduce using rule 37 (Exp)


State 119

   63 Args: Exp COMMA . Args

    INT       shift, and go to state 37
    FLOAT     shift, and go to state 38
    CHAR      shift, and go to state 39
    ID        shift, and go to state 40
    LP        shift, and go to state 41
    MINUS     shift, and go to state 42
    NOT       shift, and go to state 43
    BREAK     shift, and go to state 45
    CONTINUE  shift, and go to state 46
    SELFADD   shift, and go to state 50
    SELFDEC   shift, and go to state 51

    VarDec  go to state 52
    Exp     go to state 93
    Args    go to state 129


State 120

   54 Exp: ID LP Args RP .

    $default  reduce using rule 54 (Exp)


State 121

   56 Exp: ID LB Exp RB .

    $default  reduce using rule 56 (Exp)


State 122

   23 Stmt: IF LP Exp RP . Stmt
   24     | IF LP Exp RP . Stmt ELSE Stmt

    INT       shift, and go to state 37
    FLOAT     shift, and go to state 38
    CHAR      shift, and go to state 39
    ID        shift, and go to state 40
    LP        shift, and go to state 41
    LC        shift, and go to state 18
    MINUS     shift, and go to state 42
    NOT       shift, and go to state 43
    RETURN    shift, and go to state 44
    BREAK     shift, and go to state 45
    CONTINUE  shift, and go to state 46
    IF        shift, and go to state 47
    WHILE     shift, and go to state 48
    FOR       shift, and go to state 49
    SELFADD   shift, and go to state 50
    SELFDEC   shift, and go to state 51

    VarDec  go to state 52
    CompSt  go to state 53
    Stmt    go to state 130
    Exp     go to state 56


State 123

   25 Stmt: WHILE LP Exp RP . Stmt

    INT       shift, and go to state 37
    FLOAT     shift, and go to state 38
    CHAR      shift, and go to state 39
    ID        shift, and go to state 40
    LP        shift, and go to state 41
    LC        shift, and go to state 18
    MINUS     shift, and go to state 42
    NOT       shift, and go to state 43
    RETURN    shift, and go to state 44
    BREAK     shift, and go to state 45
    CONTINUE  shift, and go to state 46
    IF        shift, and go to state 47
    WHILE     shift, and go to state 48
    FOR       shift, and go to state 49
    SELFADD   shift, and go to state 50
    SELFDEC   shift, and go to state 51

    VarDec  go to state 52
    CompSt  go to state 53
    Stmt    go to state 131
    Exp     go to state 56


State 124

   67 ExpFor1Atom: Specifier Dec .

    $default  reduce using rule 67 (ExpFor1Atom)


State 125

   68 ExpFor1Atom: VarDec ASSIGNOP . Exp

    INT       shift, and go to state 37
    FLOAT     shift, and go to state 38
    CHAR      shift, and go to state 39
    ID        shift, and go to state 40
    LP        shift, and go to state 41
    MINUS     shift, and go to state 42
    NOT       shift, and go to state 43
    BREAK     shift, and go to state 45
    CONTINUE  shift, and go to state 46
    SELFADD   shift, and go to state 50
    SELFDEC   shift, and go to state 51

    VarDec  go to state 52
    Exp     go to state 132


State 126

   26 Stmt: FOR LP ExpForCond RP . Stmt

    INT       shift, and go to state 37
    FLOAT     shift, and go to state 38
    CHAR      shift, and go to state 39
    ID        shift, and go to state 40
    LP        shift, and go to state 41
    LC        shift, and go to state 18
    MINUS     shift, and go to state 42
    NOT       shift, and go to state 43
    RETURN    shift, and go to state 44
    BREAK     shift, and go to state 45
    CONTINUE  shift, and go to state 46
    IF        shift, and go to state 47
    WHILE     shift, and go to state 48
    FOR       shift, and go to state 49
    SELFADD   shift, and go to state 50
    SELFDEC   shift, and go to state 51

    VarDec  go to state 52
    CompSt  go to state 53
    Stmt    go to state 133
    Exp     go to state 56


State 127

   27 ExpForCond: ExpFor1 SEMI . ExpFor2 SEMI ExpFor3

    ID  shift, and go to state 25

    $default  reduce using rule 71 (ExpFor2)

    VarDec   go to state 134
    ExpFor2  go to state 135


State 128

   70 ExpFor1List: ExpFor1Atom COMMA . ExpFor1List

    ID    shift, and go to state 25
    TYPE  shift, and go to state 2

    Specifier    go to state 101
    VarDec       go to state 102
    ExpFor1Atom  go to state 105
    ExpFor1List  go to state 136


State 129

   63 Args: Exp COMMA Args .

    $default  reduce using rule 63 (Args)


State 130

   23 Stmt: IF LP Exp RP Stmt .
   24     | IF LP Exp RP Stmt . ELSE Stmt

    ELSE  shift, and go to state 137

    $default  reduce using rule 23 (Stmt)


State 131

   25 Stmt: WHILE LP Exp RP Stmt .

    $default  reduce using rule 25 (Stmt)


State 132

   35 Exp: Exp . ASSIGNOP Exp
   36    | Exp . AND Exp
   37    | Exp . OR Exp
   38    | Exp . RELOP Exp
   39    | Exp . PLUS Exp
   40    | Exp . MINUS Exp
   41    | Exp . STAR Exp
   42    | Exp . DIV Exp
   68 ExpFor1Atom: VarDec ASSIGNOP Exp .

    RELOP     shift, and go to state 81
    ASSIGNOP  shift, and go to state 83
    PLUS      shift, and go to state 84
    MINUS     shift, and go to state 85
    STAR      shift, and go to state 86
    DIV       shift, and go to state 87
    AND       shift, and go to state 88
    OR        shift, and go to state 89

    $default  reduce using rule 68 (ExpFor1Atom)


State 133

   26 Stmt: FOR LP ExpForCond RP Stmt .

    $default  reduce using rule 26 (Stmt)


State 134

   72 ExpFor2: VarDec . RELOP Exp

    RELOP  shift, and go to state 138


State 135

   27 ExpForCond: ExpFor1 SEMI ExpFor2 . SEMI ExpFor3

    SEMI  shift, and go to state 139


State 136

   70 ExpFor1List: ExpFor1Atom COMMA ExpFor1List .

    $default  reduce using rule 70 (ExpFor1List)


State 137

   24 Stmt: IF LP Exp RP Stmt ELSE . Stmt

    INT       shift, and go to state 37
    FLOAT     shift, and go to state 38
    CHAR      shift, and go to state 39
    ID        shift, and go to state 40
    LP        shift, and go to state 41
    LC        shift, and go to state 18
    MINUS     shift, and go to state 42
    NOT       shift, and go to state 43
    RETURN    shift, and go to state 44
    BREAK     shift, and go to state 45
    CONTINUE  shift, and go to state 46
    IF        shift, and go to state 47
    WHILE     shift, and go to state 48
    FOR       shift, and go to state 49
    SELFADD   shift, and go to state 50
    SELFDEC   shift, and go to state 51

    VarDec  go to state 52
    CompSt  go to state 53
    Stmt    go to state 140
    Exp     go to state 56


State 138

   72 ExpFor2: VarDec RELOP . Exp

    INT       shift, and go to state 37
    FLOAT     shift, and go to state 38
    CHAR      shift, and go to state 39
    ID        shift, and go to state 40
    LP        shift, and go to state 41
    MINUS     shift, and go to state 42
    NOT       shift, and go to state 43
    BREAK     shift, and go to state 45
    CONTINUE  shift, and go to state 46
    SELFADD   shift, and go to state 50
    SELFDEC   shift, and go to state 51

    VarDec  go to state 52
    Exp     go to state 141


State 139

   27 ExpForCond: ExpFor1 SEMI ExpFor2 SEMI . ExpFor3

    INT       shift, and go to state 37
    FLOAT     shift, and go to state 38
    CHAR      shift, and go to state 39
    ID        shift, and go to state 40
    LP        shift, and go to state 41
    MINUS     shift, and go to state 42
    NOT       shift, and go to state 43
    BREAK     shift, and go to state 45
    CONTINUE  shift, and go to state 46
    SELFADD   shift, and go to state 50
    SELFDEC   shift, and go to state 51

    $default  reduce using rule 73 (ExpFor3)

    VarDec       go to state 52
    Exp          go to state 142
    ExpFor3      go to state 143
    ExpFor3List  go to state 144


State 140

   24 Stmt: IF LP Exp RP Stmt ELSE Stmt .

    $default  reduce using rule 24 (Stmt)


State 141

   35 Exp: Exp . ASSIGNOP Exp
   36    | Exp . AND Exp
   37    | Exp . OR Exp
   38    | Exp . RELOP Exp
   39    | Exp . PLUS Exp
   40    | Exp . MINUS Exp
   41    | Exp . STAR Exp
   42    | Exp . DIV Exp
   72 ExpFor2: VarDec RELOP Exp .

    RELOP     shift, and go to state 81
    ASSIGNOP  shift, and go to state 83
    PLUS      shift, and go to state 84
    MINUS     shift, and go to state 85
    STAR      shift, and go to state 86
    DIV       shift, and go to state 87
    AND       shift, and go to state 88
    OR        shift, and go to state 89

    $default  reduce using rule 72 (ExpFor2)


State 142

   35 Exp: Exp . ASSIGNOP Exp
   36    | Exp . AND Exp
   37    | Exp . OR Exp
   38    | Exp . RELOP Exp
   39    | Exp . PLUS Exp
   40    | Exp . MINUS Exp
   41    | Exp . STAR Exp
   42    | Exp . DIV Exp
   75 ExpFor3List: Exp .
   76            | Exp . COMMA ExpFor3List

    RELOP     shift, and go to state 81
    COMMA     shift, and go to state 145
    ASSIGNOP  shift, and go to state 83
    PLUS      shift, and go to state 84
    MINUS     shift, and go to state 85
    STAR      shift, and go to state 86
    DIV       shift, and go to state 87
    AND       shift, and go to state 88
    OR        shift, and go to state 89

    $default  reduce using rule 75 (ExpFor3List)


State 143

   27 ExpForCond: ExpFor1 SEMI ExpFor2 SEMI ExpFor3 .

    $default  reduce using rule 27 (ExpForCond)


State 144

   74 ExpFor3: ExpFor3List .

    $default  reduce using rule 74 (ExpFor3)


State 145

   76 ExpFor3List: Exp COMMA . ExpFor3List

    INT       shift, and go to state 37
    FLOAT     shift, and go to state 38
    CHAR      shift, and go to state 39
    ID        shift, and go to state 40
    LP        shift, and go to state 41
    MINUS     shift, and go to state 42
    NOT       shift, and go to state 43
    BREAK     shift, and go to state 45
    CONTINUE  shift, and go to state 46
    SELFADD   shift, and go to state 50
    SELFDEC   shift, and go to state 51

    VarDec       go to state 52
    Exp          go to state 142
    ExpFor3List  go to state 146


State 146

   76 ExpFor3List: Exp COMMA ExpFor3List .

    $default  reduce using rule 76 (ExpFor3List)
